=== Compiling ===
Compiled: /pscratch/sd/a/anirudh6/cs5220/project/grad_packed

=== Run info ===
date:      Sat Apr 18 01:25:38 PM PDT 2026
host:      login31
ranks:     1 (single-node baseline)
binary:    /pscratch/sd/a/anirudh6/cs5220/project/grad_packed
outfile:   /pscratch/sd/a/anirudh6/cs5220/project/results/grad_packed_20260418_132536.out

=== Training ===
Loading MNIST...
Loaded.

epoch,loss,test_acc,fwd_s,bwd_s,pack_s,sgd_s,epoch_s,grad_norm
grad_buf_size = 2913290 floats = 11.1133 MB
1,0.573972,0.9236,67.1691,206.341,0.335589,0.495874,274.582,0.995848
2,0.222533,0.9469,66.7575,205.812,0.336807,0.494156,273.43,0.712689
3,0.165568,0.9549,66.6914,205.615,0.337559,0.490035,273.162,0.821229
4,0.128832,0.9634,68.2964,210.152,0.346502,0.554299,279.381,0.79662
5,0.105059,0.9684,68.5866,209.942,0.340229,0.546411,279.446,0.779038
6,0.0870854,0.969,67.5882,207.218,0.341396,0.529925,275.706,0.860075
7,0.0739065,0.9731,69.1515,211.121,0.345985,0.546925,281.197,0.345661
8,0.0640616,0.9739,69.5159,210.466,0.392412,0.657457,281.109,0.901585
9,0.054648,0.975,69.421,211.306,0.474476,0.59606,281.939,0.521006
10,0.0461052,0.9768,69.3767,211.223,0.374964,0.575926,281.829,0.59877

=== Done ===
