=== Starting run: nranks=32 ===
date:        Tue Apr 21 10:56:33 AM PDT 2026
host:        nid004928
nranks:      32
binary:      /pscratch/sd/a/anirudh6/cs5220/project/mpi_allreduce
outfile:     /pscratch/sd/a/anirudh6/cs5220/project/results/mpi_allreduce_nranks32_20260421_073146.out

=== Training ===
Loading MNIST...
Loaded.

=== MPI_Allreduce run ===
nranks:         32
global_batch:   256
local_batch:    8
grad_buf_size:  will print after model init
epochs:         10
lr:             0.01
momentum:       0.9

grad_buf_size:  2913290 floats = 11.1133 MB

epoch,loss,test_acc,fwd_s,bwd_s,allreduce_s,sgd_s,epoch_s,grad_norm,speedup,efficiency
1,0.548494,0.9313,1.88209,6.07235,2.52836,0.545309,11.0311,0.944688,0,0
2,0.241182,0.946,1.88151,6.06779,2.38528,0.529669,10.866,0.72714,0,0
3,0.151392,0.957,1.8826,6.07044,2.338,0.532328,10.8255,0.710938,0,0
4,0.130159,0.9627,1.88265,6.07059,2.33141,0.57308,10.8594,0.808112,0,0
5,0.0777702,0.9664,1.88093,6.06837,2.34993,0.566946,10.8675,0.679247,0,0
6,0.0873852,0.9695,1.88048,6.06982,2.34647,0.568582,10.8671,0.639686,0,0
7,0.0662903,0.9708,1.88148,6.07237,2.34315,0.570241,10.8692,0.718138,0,0
8,0.072039,0.9738,1.88287,6.07065,2.35171,0.571671,10.8787,0.888334,0,0
9,0.0446074,0.9764,1.88355,6.0724,2.3307,0.569899,10.8579,0.656446,0,0
10,0.0491561,0.9792,1.89661,6.11346,2.28205,0.571494,10.8653,0.784416,0,0

=== Done: nranks=32 ===
