=== Starting run: nranks=1 ===
date:        Tue Apr 21 07:36:15 AM PDT 2026
host:        nid004291
nranks:      1
algorithm:   ring_allreduce
binary:      /pscratch/sd/a/anirudh6/cs5220/project/ring_allreduce
outfile:     /pscratch/sd/a/anirudh6/cs5220/project/results/ring_allreduce_nranks1_20260421_073615.out

=== Training ===
Loading MNIST...
Loaded.

=== Ring All-Reduce run ===
nranks:        1
global_batch:  256
local_batch:   256
epochs:        10
lr:            0.01
momentum:      0.9

grad_buf_size: 2913290 floats = 11.1133 MB

epoch,loss,test_acc,fwd_s,bwd_s,allreduce_s,sgd_s,epoch_s,grad_norm,comm_fraction,bytes_per_rank
1,0.570751,0.9316,59.6742,183.797,0,0.435744,244.204,0.94417,0,0
2,0.222216,0.9463,59.6716,183.918,0,0.432492,244.304,0.723261,0,0
3,0.164649,0.957,59.6702,183.881,0,0.433269,244.262,0.708404,0,0
4,0.128856,0.9627,59.6918,183.947,0,0.474521,244.39,0.804862,0,0
5,0.106917,0.9664,59.6644,183.891,0,0.472693,244.305,0.678791,0,0
6,0.0883953,0.9696,59.6675,183.931,0,0.473314,244.35,0.633029,0,0
7,0.0745706,0.9712,59.6794,183.886,0,0.472752,244.316,0.719208,0,0
8,0.0633345,0.9735,59.6885,183.952,0,0.473457,244.392,0.898372,0,0
9,0.0543313,0.9761,59.6684,183.887,0,0.472889,244.306,0.653962,0,0
10,0.0478054,0.9792,59.6757,183.929,0,0.474308,244.356,0.780683,0,0

=== Done: nranks=1 ===
