=== Starting run: nranks=4 ===
date:        Tue Apr 21 09:33:35 AM PDT 2026
host:        nid004291
nranks:      4
algorithm:   ring_allreduce
binary:      /pscratch/sd/a/anirudh6/cs5220/project/ring_allreduce
outfile:     /pscratch/sd/a/anirudh6/cs5220/project/results/ring_allreduce_nranks4_20260421_073615.out

=== Training ===
Loading MNIST...
Loaded.

=== Ring All-Reduce run ===
nranks:        4
global_batch:  256
local_batch:   64
epochs:        10
lr:            0.01
momentum:      0.9

grad_buf_size: 2913290 floats = 11.1133 MB

epoch,loss,test_acc,fwd_s,bwd_s,allreduce_s,sgd_s,epoch_s,grad_norm,comm_fraction,bytes_per_rank
1,0.355519,0.96,14.9394,46.2102,0.534021,0.452208,62.6776,2.4138,0.00852013,4.09026e+09
2,0.117607,0.9716,14.9345,46.1831,0.499344,0.44277,62.5994,1.93906,0.00797682,4.09026e+09
3,0.0743438,0.9736,14.9676,46.249,0.613211,0.440601,62.8147,2.15306,0.00976223,4.09026e+09
4,0.0475124,0.9763,14.9405,46.1766,0.584955,0.450996,62.6919,2.53543,0.00933063,4.09026e+09
5,0.0359698,0.9793,14.9359,46.1745,0.471192,0.451886,62.5748,2.07188,0.00753006,4.09026e+09
6,0.027194,0.9789,14.9377,46.1697,0.47994,0.455427,62.5843,1.85393,0.00766869,4.09026e+09
7,0.0169084,0.9799,14.9555,46.24,0.574702,0.456407,62.7703,1.33327,0.00915564,4.09026e+09
8,0.0126907,0.98,14.9364,46.1578,0.55255,0.454704,62.6405,1.43564,0.00882097,4.09026e+09
9,0.0105771,0.9817,14.9404,46.1775,0.538557,0.459958,62.6591,1.02443,0.00859504,4.09026e+09
10,0.00647532,0.9808,14.9333,46.1697,0.461951,0.460373,62.5656,1.60906,0.00738347,4.09026e+09

=== Done: nranks=4 ===
