=== Starting run: nranks=2 ===
date:        Tue Apr 21 08:48:28 AM PDT 2026
host:        nid004291
nranks:      2
algorithm:   ring_allreduce
binary:      /pscratch/sd/a/anirudh6/cs5220/project/ring_allreduce
outfile:     /pscratch/sd/a/anirudh6/cs5220/project/results/ring_allreduce_nranks2_20260421_073615.out

=== Training ===
Loading MNIST...
Loaded.

=== Ring All-Reduce run ===
nranks:        2
global_batch:  256
local_batch:   128
epochs:        10
lr:            0.01
momentum:      0.9

grad_buf_size: 2913290 floats = 11.1133 MB

epoch,loss,test_acc,fwd_s,bwd_s,allreduce_s,sgd_s,epoch_s,grad_norm,comm_fraction,bytes_per_rank
1,0.444798,0.9446,29.9032,92.0729,0.268319,0.467812,123.283,1.43589,0.00217644,2.72684e+09
2,0.167086,0.9597,29.8827,92.0661,0.277147,0.446132,123.24,1.12167,0.00224885,2.72684e+09
3,0.110934,0.9705,29.9263,92.1473,0.250602,0.445531,123.335,1.20858,0.00203188,2.72684e+09
4,0.0765756,0.9746,29.9015,92.087,0.229768,0.463907,123.249,1.42827,0.00186425,2.72684e+09
5,0.0629653,0.9754,29.9176,92.0975,0.224019,0.465159,123.27,1.15144,0.0018173,2.72684e+09
6,0.0490873,0.9758,29.8935,92.0808,0.239015,0.466524,123.246,1.07582,0.00193933,2.72684e+09
7,0.038069,0.9761,29.8949,92.0742,0.222192,0.463635,123.222,1.19009,0.00180319,2.72684e+09
8,0.029533,0.9786,29.905,92.0924,0.230926,0.462649,123.259,1.33302,0.00187351,2.72684e+09
9,0.0237038,0.9787,29.9017,92.063,0.250331,0.466473,123.246,1.19941,0.00203114,2.72684e+09
10,0.0190813,0.98,29.8969,92.0794,0.29107,0.462025,123.296,1.13243,0.00236075,2.72684e+09

=== Done: nranks=2 ===
