=== Starting run: nranks=16 ===
date:        Tue Apr 21 05:51:36 PM PDT 2026
host:        nid004783
nranks:      16
algorithm:   ring_allreduce
binary:      /pscratch/sd/a/anirudh6/cs5220/project/ring_allreduce
outfile:     /pscratch/sd/a/anirudh6/cs5220/project/results/ring_allreduce_nranks16_20260421_171935.out

=== Training ===
Loading MNIST...
Loaded.

=== Ring All-Reduce run ===
nranks:        16
global_batch:  256
local_batch:   16
epochs:        10
lr:            0.01
momentum:      0.9

grad_buf_size: 2913290 floats = 11.1133 MB

epoch,loss,test_acc,fwd_s,bwd_s,allreduce_s,sgd_s,epoch_s,grad_norm,comm_fraction,bytes_per_rank
1,0.291633,0.9637,3.76761,11.7919,0.970802,0.443957,17.5053,6.84403,0.0554577,5.11282e+09
2,0.0944801,0.9722,3.77153,11.7999,0.794136,0.432679,17.3238,7.60856,0.0458408,5.11282e+09
3,0.0551736,0.9701,3.77194,11.7978,0.755931,0.429901,17.2813,5.87678,0.0437427,5.11282e+09
4,0.0341158,0.9745,3.75956,11.775,0.839214,0.593928,17.4915,7.25741,0.0479783,5.11282e+09
5,0.0313943,0.98,3.76114,11.7745,0.962519,0.681254,17.704,3.37678,0.0543674,5.11282e+09
6,0.0254041,0.9764,3.76075,11.7756,0.878814,0.638043,17.5764,8.04009,0.0499997,5.11282e+09
7,0.0162619,0.9809,3.76029,11.7779,0.83413,0.660042,17.5577,3.84027,0.0475078,5.11282e+09
8,0.01728,0.9824,3.7602,11.7756,0.918861,0.596625,17.5759,2.62891,0.0522795,5.11282e+09
9,0.0107451,0.9796,3.75898,11.7756,0.943388,0.593551,17.5955,0.982949,0.0536154,5.11282e+09
10,0.0143777,0.9781,3.76717,11.7999,1.01759,0.578216,17.6896,3.13816,0.0575249,5.11282e+09

=== Done: nranks=16 ===
