=== Starting run: nranks=8 ===
date:        Tue Apr 21 05:19:35 PM PDT 2026
host:        nid004783
nranks:      8
algorithm:   ring_allreduce
binary:      /pscratch/sd/a/anirudh6/cs5220/project/ring_allreduce
outfile:     /pscratch/sd/a/anirudh6/cs5220/project/results/ring_allreduce_nranks8_20260421_171935.out

=== Training ===
Loading MNIST...
Loaded.

=== Ring All-Reduce run ===
nranks:        8
global_batch:  256
local_batch:   32
epochs:        10
lr:            0.01
momentum:      0.9

grad_buf_size: 2913290 floats = 11.1133 MB

epoch,loss,test_acc,fwd_s,bwd_s,allreduce_s,sgd_s,epoch_s,grad_norm,comm_fraction,bytes_per_rank
1,0.304168,0.9638,7.48636,23.2833,0.722003,0.457547,32.4761,5.34024,0.0222319,4.77197e+09
2,0.094899,0.9741,7.48383,23.2687,0.638079,0.441504,32.3569,3.81864,0.01972,4.77197e+09
3,0.05981,0.9745,7.47807,23.2525,0.666536,0.438554,32.3602,3.87677,0.0205974,4.77197e+09
4,0.0380229,0.9732,7.4789,23.2578,0.657889,0.469268,32.3884,4.61383,0.0203125,4.77197e+09
5,0.0228777,0.9793,7.47873,23.2576,0.648048,0.477982,32.387,2.48554,0.0200095,4.77197e+09
6,0.019016,0.9806,7.47848,23.2538,0.639628,0.468597,32.3654,2.74932,0.0197627,4.77197e+09
7,0.0126544,0.981,7.47662,23.2525,0.681889,0.47888,32.4138,3.72645,0.021037,4.77197e+09
8,0.00866676,0.9806,7.47299,23.2516,0.671223,0.481566,32.402,2.34335,0.0207155,4.77197e+09
9,0.00627784,0.982,7.47794,23.2605,0.661191,0.48224,32.4062,2.02704,0.0204032,4.77197e+09
10,0.00624803,0.9812,7.4734,23.2485,0.691696,0.47464,32.4131,2.25396,0.02134,4.77197e+09

=== Done: nranks=8 ===
