=== Starting run: nranks=32 ===
date:        Tue Apr 21 06:20:31 PM PDT 2026
host:        nid004783
nranks:      32
algorithm:   ring_allreduce
binary:      /pscratch/sd/a/anirudh6/cs5220/project/ring_allreduce
outfile:     /pscratch/sd/a/anirudh6/cs5220/project/results/ring_allreduce_nranks32_20260421_171935.out

=== Training ===
Loading MNIST...
Loaded.

=== Ring All-Reduce run ===
nranks:        32
global_batch:  256
local_batch:   8
epochs:        10
lr:            0.01
momentum:      0.9

grad_buf_size: 2913290 floats = 11.1133 MB

epoch,loss,test_acc,fwd_s,bwd_s,allreduce_s,sgd_s,epoch_s,grad_norm,comm_fraction,bytes_per_rank
1,0.776606,0.9474,1.88485,6.05873,1.1589,0.444096,10.0635,12.0701,0.115159,5.28325e+09
2,0.177341,0.9536,1.88225,6.04999,0.840961,0.434593,9.72247,13.3018,0.0864966,5.28325e+09
3,0.124912,0.9597,1.88303,6.05186,0.840554,0.435877,9.7263,7.60537,0.0864207,5.28325e+09
4,0.0969426,0.9689,1.88202,6.04964,0.834905,1.19924,10.4814,11.9117,0.0796561,5.28325e+09
5,0.0613591,0.9671,1.88165,6.04875,1.38495,0.827193,10.6578,11.0096,0.129947,5.28325e+09
6,0.0780862,0.971,1.88191,6.04886,1.72852,0.478051,10.6514,15.7299,0.162281,5.28325e+09
7,0.0654934,0.9716,1.8824,6.05378,1.18247,1.03212,10.6678,12.0788,0.110845,5.28325e+09
8,0.0437184,0.975,1.88284,6.05,1.1325,1.10928,10.6899,12.4612,0.105941,5.28325e+09
9,0.0482732,0.9734,1.88161,6.04715,0.819138,1.40445,10.6676,7.29394,0.0767874,5.28325e+09
10,0.0498959,0.9717,1.88219,6.04971,0.824069,1.39983,10.6707,7.33168,0.0772269,5.28325e+09

=== Done: nranks=32 ===
