=== Compiling ===
Compiled: /pscratch/sd/a/anirudh6/cs5220/project/ring_allreduce

=== Starting run: nranks=8 ===
date:        Tue Apr 21 05:19:35 PM PDT 2026
host:        nid004783
nranks:      8
algorithm:   ring_allreduce
binary:      /pscratch/sd/a/anirudh6/cs5220/project/ring_allreduce
outfile:     /pscratch/sd/a/anirudh6/cs5220/project/results/ring_allreduce_nranks8_20260421_171935.out

=== Training ===
Loading MNIST...
Loaded.

=== Ring All-Reduce run ===
nranks:        8
global_batch:  256
local_batch:   32
epochs:        10
lr:            0.01
momentum:      0.9

grad_buf_size: 2913290 floats = 11.1133 MB

epoch,loss,test_acc,fwd_s,bwd_s,allreduce_s,sgd_s,epoch_s,grad_norm,comm_fraction,bytes_per_rank
1,0.304168,0.9638,7.48636,23.2833,0.722003,0.457547,32.4761,5.34024,0.0222319,4.77197e+09
2,0.094899,0.9741,7.48383,23.2687,0.638079,0.441504,32.3569,3.81864,0.01972,4.77197e+09
3,0.05981,0.9745,7.47807,23.2525,0.666536,0.438554,32.3602,3.87677,0.0205974,4.77197e+09
4,0.0380229,0.9732,7.4789,23.2578,0.657889,0.469268,32.3884,4.61383,0.0203125,4.77197e+09
5,0.0228777,0.9793,7.47873,23.2576,0.648048,0.477982,32.387,2.48554,0.0200095,4.77197e+09
6,0.019016,0.9806,7.47848,23.2538,0.639628,0.468597,32.3654,2.74932,0.0197627,4.77197e+09
7,0.0126544,0.981,7.47662,23.2525,0.681889,0.47888,32.4138,3.72645,0.021037,4.77197e+09
8,0.00866676,0.9806,7.47299,23.2516,0.671223,0.481566,32.402,2.34335,0.0207155,4.77197e+09
9,0.00627784,0.982,7.47794,23.2605,0.661191,0.48224,32.4062,2.02704,0.0204032,4.77197e+09
10,0.00624803,0.9812,7.4734,23.2485,0.691696,0.47464,32.4131,2.25396,0.02134,4.77197e+09

=== Done: nranks=8 ===
Saved: /pscratch/sd/a/anirudh6/cs5220/project/results/ring_allreduce_nranks8_20260421_171935.out

=== Starting run: nranks=16 ===
date:        Tue Apr 21 05:51:36 PM PDT 2026
host:        nid004783
nranks:      16
algorithm:   ring_allreduce
binary:      /pscratch/sd/a/anirudh6/cs5220/project/ring_allreduce
outfile:     /pscratch/sd/a/anirudh6/cs5220/project/results/ring_allreduce_nranks16_20260421_171935.out

=== Training ===
Loading MNIST...
Loaded.

=== Ring All-Reduce run ===
nranks:        16
global_batch:  256
local_batch:   16
epochs:        10
lr:            0.01
momentum:      0.9

grad_buf_size: 2913290 floats = 11.1133 MB

epoch,loss,test_acc,fwd_s,bwd_s,allreduce_s,sgd_s,epoch_s,grad_norm,comm_fraction,bytes_per_rank
1,0.291633,0.9637,3.76761,11.7919,0.970802,0.443957,17.5053,6.84403,0.0554577,5.11282e+09
2,0.0944801,0.9722,3.77153,11.7999,0.794136,0.432679,17.3238,7.60856,0.0458408,5.11282e+09
3,0.0551736,0.9701,3.77194,11.7978,0.755931,0.429901,17.2813,5.87678,0.0437427,5.11282e+09
4,0.0341158,0.9745,3.75956,11.775,0.839214,0.593928,17.4915,7.25741,0.0479783,5.11282e+09
5,0.0313943,0.98,3.76114,11.7745,0.962519,0.681254,17.704,3.37678,0.0543674,5.11282e+09
6,0.0254041,0.9764,3.76075,11.7756,0.878814,0.638043,17.5764,8.04009,0.0499997,5.11282e+09
7,0.0162619,0.9809,3.76029,11.7779,0.83413,0.660042,17.5577,3.84027,0.0475078,5.11282e+09
8,0.01728,0.9824,3.7602,11.7756,0.918861,0.596625,17.5759,2.62891,0.0522795,5.11282e+09
9,0.0107451,0.9796,3.75898,11.7756,0.943388,0.593551,17.5955,0.982949,0.0536154,5.11282e+09
10,0.0143777,0.9781,3.76717,11.7999,1.01759,0.578216,17.6896,3.13816,0.0575249,5.11282e+09

=== Done: nranks=16 ===
Saved: /pscratch/sd/a/anirudh6/cs5220/project/results/ring_allreduce_nranks16_20260421_171935.out

=== Starting run: nranks=32 ===
date:        Tue Apr 21 06:20:31 PM PDT 2026
host:        nid004783
nranks:      32
algorithm:   ring_allreduce
binary:      /pscratch/sd/a/anirudh6/cs5220/project/ring_allreduce
outfile:     /pscratch/sd/a/anirudh6/cs5220/project/results/ring_allreduce_nranks32_20260421_171935.out

=== Training ===
Loading MNIST...
Loaded.

=== Ring All-Reduce run ===
nranks:        32
global_batch:  256
local_batch:   8
epochs:        10
lr:            0.01
momentum:      0.9

grad_buf_size: 2913290 floats = 11.1133 MB

epoch,loss,test_acc,fwd_s,bwd_s,allreduce_s,sgd_s,epoch_s,grad_norm,comm_fraction,bytes_per_rank
1,0.776606,0.9474,1.88485,6.05873,1.1589,0.444096,10.0635,12.0701,0.115159,5.28325e+09
2,0.177341,0.9536,1.88225,6.04999,0.840961,0.434593,9.72247,13.3018,0.0864966,5.28325e+09
3,0.124912,0.9597,1.88303,6.05186,0.840554,0.435877,9.7263,7.60537,0.0864207,5.28325e+09
4,0.0969426,0.9689,1.88202,6.04964,0.834905,1.19924,10.4814,11.9117,0.0796561,5.28325e+09
5,0.0613591,0.9671,1.88165,6.04875,1.38495,0.827193,10.6578,11.0096,0.129947,5.28325e+09
6,0.0780862,0.971,1.88191,6.04886,1.72852,0.478051,10.6514,15.7299,0.162281,5.28325e+09
7,0.0654934,0.9716,1.8824,6.05378,1.18247,1.03212,10.6678,12.0788,0.110845,5.28325e+09
8,0.0437184,0.975,1.88284,6.05,1.1325,1.10928,10.6899,12.4612,0.105941,5.28325e+09
9,0.0482732,0.9734,1.88161,6.04715,0.819138,1.40445,10.6676,7.29394,0.0767874,5.28325e+09
10,0.0498959,0.9717,1.88219,6.04971,0.824069,1.39983,10.6707,7.33168,0.0772269,5.28325e+09

=== Done: nranks=32 ===
Saved: /pscratch/sd/a/anirudh6/cs5220/project/results/ring_allreduce_nranks32_20260421_171935.out

All ring runs complete. Results in: /pscratch/sd/a/anirudh6/cs5220/project/results
